
 /----------------------------------------------------------------------------\
 |                                                                            |
 |  yosys -- Yosys Open SYnthesis Suite                                       |
 |                                                                            |
 |  Copyright (C) 2012 - 2020  Claire Wolf <claire@symbioticeda.com>          |
 |                                                                            |
 |  Permission to use, copy, modify, and/or distribute this software for any  |
 |  purpose with or without fee is hereby granted, provided that the above    |
 |  copyright notice and this permission notice appear in all copies.         |
 |                                                                            |
 |  THE SOFTWARE IS PROVIDED "AS IS" AND THE AUTHOR DISCLAIMS ALL WARRANTIES  |
 |  WITH REGARD TO THIS SOFTWARE INCLUDING ALL IMPLIED WARRANTIES OF          |
 |  MERCHANTABILITY AND FITNESS. IN NO EVENT SHALL THE AUTHOR BE LIABLE FOR   |
 |  ANY SPECIAL, DIRECT, INDIRECT, OR CONSEQUENTIAL DAMAGES OR ANY DAMAGES    |
 |  WHATSOEVER RESULTING FROM LOSS OF USE, DATA OR PROFITS, WHETHER IN AN     |
 |  ACTION OF CONTRACT, NEGLIGENCE OR OTHER TORTIOUS ACTION, ARISING OUT OF   |
 |  OR IN CONNECTION WITH THE USE OR PERFORMANCE OF THIS SOFTWARE.            |
 |                                                                            |
 \----------------------------------------------------------------------------/

 Yosys 0.9+3654 (git sha1 e2a39bb1, clang 7.0.1-8+rpi3+deb10u2 -fPIC -Os)


-- Parsing `top.sv' using frontend `verilog -sv' --

1. Executing Verilog-2005 frontend: top.sv
Parsing SystemVerilog input from `top.sv' to AST representation.
Generating RTLIL representation for module `\top'.
Warning: Replacing memory \Slice_carry_out_a0 with list of registers. See top.tlv:22
Successfully finished Verilog frontend.

-- Parsing `pseudo_rand.sv' using frontend `verilog -sv' --

2. Executing Verilog-2005 frontend: pseudo_rand.sv
Parsing SystemVerilog input from `pseudo_rand.sv' to AST representation.
Generating RTLIL representation for module `\pseudo_rand'.
Successfully finished Verilog frontend.

-- Running command `synth_ice40 -blif top.blif -json top.json' --

3. Executing SYNTH_ICE40 pass.

3.1. Executing Verilog-2005 frontend: /usr/local/bin/../share/yosys/ice40/cells_sim.v
Parsing Verilog input from `/usr/local/bin/../share/yosys/ice40/cells_sim.v' to AST representation.
Generating RTLIL representation for module `\SB_IO'.
Generating RTLIL representation for module `\SB_GB_IO'.
Generating RTLIL representation for module `\SB_GB'.
Generating RTLIL representation for module `\SB_LUT4'.
Generating RTLIL representation for module `\SB_CARRY'.
Generating RTLIL representation for module `\SB_DFF'.
Generating RTLIL representation for module `\SB_DFFE'.
Generating RTLIL representation for module `\SB_DFFSR'.
Generating RTLIL representation for module `\SB_DFFR'.
Generating RTLIL representation for module `\SB_DFFSS'.
Generating RTLIL representation for module `\SB_DFFS'.
Generating RTLIL representation for module `\SB_DFFESR'.
Generating RTLIL representation for module `\SB_DFFER'.
Generating RTLIL representation for module `\SB_DFFESS'.
Generating RTLIL representation for module `\SB_DFFES'.
Generating RTLIL representation for module `\SB_DFFN'.
Generating RTLIL representation for module `\SB_DFFNE'.
Generating RTLIL representation for module `\SB_DFFNSR'.
Generating RTLIL representation for module `\SB_DFFNR'.
Generating RTLIL representation for module `\SB_DFFNSS'.
Generating RTLIL representation for module `\SB_DFFNS'.
Generating RTLIL representation for module `\SB_DFFNESR'.
Generating RTLIL representation for module `\SB_DFFNER'.
Generating RTLIL representation for module `\SB_DFFNESS'.
Generating RTLIL representation for module `\SB_DFFNES'.
Generating RTLIL representation for module `\SB_RAM40_4K'.
Generating RTLIL representation for module `\SB_RAM40_4KNR'.
Generating RTLIL representation for module `\SB_RAM40_4KNW'.
Generating RTLIL representation for module `\SB_RAM40_4KNRNW'.
Generating RTLIL representation for module `\ICESTORM_LC'.
Generating RTLIL representation for module `\SB_PLL40_CORE'.
Generating RTLIL representation for module `\SB_PLL40_PAD'.
Generating RTLIL representation for module `\SB_PLL40_2_PAD'.
Generating RTLIL representation for module `\SB_PLL40_2F_CORE'.
Generating RTLIL representation for module `\SB_PLL40_2F_PAD'.
Generating RTLIL representation for module `\SB_WARMBOOT'.
Generating RTLIL representation for module `\SB_SPRAM256KA'.
Generating RTLIL representation for module `\SB_HFOSC'.
Generating RTLIL representation for module `\SB_LFOSC'.
Generating RTLIL representation for module `\SB_RGBA_DRV'.
Generating RTLIL representation for module `\SB_LED_DRV_CUR'.
Generating RTLIL representation for module `\SB_RGB_DRV'.
Generating RTLIL representation for module `\SB_I2C'.
Generating RTLIL representation for module `\SB_SPI'.
Generating RTLIL representation for module `\SB_LEDDA_IP'.
Generating RTLIL representation for module `\SB_FILTER_50NS'.
Generating RTLIL representation for module `\SB_IO_I3C'.
Generating RTLIL representation for module `\SB_IO_OD'.
Generating RTLIL representation for module `\SB_MAC16'.
Generating RTLIL representation for module `\ICESTORM_RAM'.
Successfully finished Verilog frontend.

3.2. Executing HIERARCHY pass (managing design hierarchy).

3.2.1. Finding top of design hierarchy..
root of   0 design levels: pseudo_rand         
root of   1 design levels: top                 
Automatically selected top as design top module.

3.2.2. Analyzing design hierarchy..
Top module:  \top
Used module:     \pseudo_rand
Parameter \WIDTH = 257

3.2.3. Executing AST frontend in derive mode using pre-parsed AST for module `\pseudo_rand'.
Parameter \WIDTH = 257
Generating RTLIL representation for module `$paramod\pseudo_rand\WIDTH=257'.

3.2.4. Analyzing design hierarchy..
Top module:  \top
Used module:     $paramod\pseudo_rand\WIDTH=257

3.2.5. Analyzing design hierarchy..
Top module:  \top
Used module:     $paramod\pseudo_rand\WIDTH=257
Removing unused module `\pseudo_rand'.
Removed 1 unused modules.
Mapping positional arguments of cell top.pseudo_rand ($paramod\pseudo_rand\WIDTH=257).

3.3. Executing PROC pass (convert processes to netlists).

3.3.1. Executing PROC_CLEAN pass (remove empty switches from decision trees).
Cleaned up 0 empty switches.

3.3.2. Executing PROC_RMDEAD pass (remove dead branches from decision trees).
Marked 1 switch rules as full_case in process $proc$/usr/local/bin/../share/yosys/ice40/cells_sim.v:1330$289 in module SB_DFFNES.
Marked 1 switch rules as full_case in process $proc$/usr/local/bin/../share/yosys/ice40/cells_sim.v:1274$282 in module SB_DFFNESS.
Marked 1 switch rules as full_case in process $proc$/usr/local/bin/../share/yosys/ice40/cells_sim.v:1199$278 in module SB_DFFNER.
Marked 1 switch rules as full_case in process $proc$/usr/local/bin/../share/yosys/ice40/cells_sim.v:1143$271 in module SB_DFFNESR.
Marked 1 switch rules as full_case in process $proc$/usr/local/bin/../share/yosys/ice40/cells_sim.v:1074$268 in module SB_DFFNS.
Marked 1 switch rules as full_case in process $proc$/usr/local/bin/../share/yosys/ice40/cells_sim.v:1026$265 in module SB_DFFNSS.
Marked 1 switch rules as full_case in process $proc$/usr/local/bin/../share/yosys/ice40/cells_sim.v:957$262 in module SB_DFFNR.
Marked 1 switch rules as full_case in process $proc$/usr/local/bin/../share/yosys/ice40/cells_sim.v:909$259 in module SB_DFFNSR.
Marked 1 switch rules as full_case in process $proc$/usr/local/bin/../share/yosys/ice40/cells_sim.v:753$251 in module SB_DFFES.
Marked 1 switch rules as full_case in process $proc$/usr/local/bin/../share/yosys/ice40/cells_sim.v:697$244 in module SB_DFFESS.
Marked 1 switch rules as full_case in process $proc$/usr/local/bin/../share/yosys/ice40/cells_sim.v:622$240 in module SB_DFFER.
Marked 1 switch rules as full_case in process $proc$/usr/local/bin/../share/yosys/ice40/cells_sim.v:566$233 in module SB_DFFESR.
Marked 1 switch rules as full_case in process $proc$/usr/local/bin/../share/yosys/ice40/cells_sim.v:497$230 in module SB_DFFS.
Marked 1 switch rules as full_case in process $proc$/usr/local/bin/../share/yosys/ice40/cells_sim.v:449$227 in module SB_DFFSS.
Marked 1 switch rules as full_case in process $proc$/usr/local/bin/../share/yosys/ice40/cells_sim.v:380$224 in module SB_DFFR.
Marked 1 switch rules as full_case in process $proc$/usr/local/bin/../share/yosys/ice40/cells_sim.v:332$221 in module SB_DFFSR.
Removed a total of 0 dead cases.

3.3.3. Executing PROC_PRUNE pass (remove redundant assignments in processes).
Removed 8 redundant assignments.
Promoted 42 assignments to connections.

3.3.4. Executing PROC_INIT pass (extract init attributes).
Found init rule in `\SB_DFFNES.$proc$/usr/local/bin/../share/yosys/ice40/cells_sim.v:0$292'.
  Set init value: \Q = 1'0
Found init rule in `\SB_DFFNESS.$proc$/usr/local/bin/../share/yosys/ice40/cells_sim.v:0$288'.
  Set init value: \Q = 1'0
Found init rule in `\SB_DFFNER.$proc$/usr/local/bin/../share/yosys/ice40/cells_sim.v:0$281'.
  Set init value: \Q = 1'0
Found init rule in `\SB_DFFNESR.$proc$/usr/local/bin/../share/yosys/ice40/cells_sim.v:0$277'.
  Set init value: \Q = 1'0
Found init rule in `\SB_DFFNS.$proc$/usr/local/bin/../share/yosys/ice40/cells_sim.v:0$270'.
  Set init value: \Q = 1'0
Found init rule in `\SB_DFFNSS.$proc$/usr/local/bin/../share/yosys/ice40/cells_sim.v:0$267'.
  Set init value: \Q = 1'0
Found init rule in `\SB_DFFNR.$proc$/usr/local/bin/../share/yosys/ice40/cells_sim.v:0$264'.
  Set init value: \Q = 1'0
Found init rule in `\SB_DFFNSR.$proc$/usr/local/bin/../share/yosys/ice40/cells_sim.v:0$261'.
  Set init value: \Q = 1'0
Found init rule in `\SB_DFFNE.$proc$/usr/local/bin/../share/yosys/ice40/cells_sim.v:0$258'.
  Set init value: \Q = 1'0
Found init rule in `\SB_DFFN.$proc$/usr/local/bin/../share/yosys/ice40/cells_sim.v:0$256'.
  Set init value: \Q = 1'0
Found init rule in `\SB_DFFES.$proc$/usr/local/bin/../share/yosys/ice40/cells_sim.v:0$254'.
  Set init value: \Q = 1'0
Found init rule in `\SB_DFFESS.$proc$/usr/local/bin/../share/yosys/ice40/cells_sim.v:0$250'.
  Set init value: \Q = 1'0
Found init rule in `\SB_DFFER.$proc$/usr/local/bin/../share/yosys/ice40/cells_sim.v:0$243'.
  Set init value: \Q = 1'0
Found init rule in `\SB_DFFESR.$proc$/usr/local/bin/../share/yosys/ice40/cells_sim.v:0$239'.
  Set init value: \Q = 1'0
Found init rule in `\SB_DFFS.$proc$/usr/local/bin/../share/yosys/ice40/cells_sim.v:0$232'.
  Set init value: \Q = 1'0
Found init rule in `\SB_DFFSS.$proc$/usr/local/bin/../share/yosys/ice40/cells_sim.v:0$229'.
  Set init value: \Q = 1'0
Found init rule in `\SB_DFFR.$proc$/usr/local/bin/../share/yosys/ice40/cells_sim.v:0$226'.
  Set init value: \Q = 1'0
Found init rule in `\SB_DFFSR.$proc$/usr/local/bin/../share/yosys/ice40/cells_sim.v:0$223'.
  Set init value: \Q = 1'0
Found init rule in `\SB_DFFE.$proc$/usr/local/bin/../share/yosys/ice40/cells_sim.v:0$220'.
  Set init value: \Q = 1'0
Found init rule in `\SB_DFF.$proc$/usr/local/bin/../share/yosys/ice40/cells_sim.v:0$218'.
  Set init value: \Q = 1'0

3.3.5. Executing PROC_ARST pass (detect async resets in processes).
Found async reset \S in `\SB_DFFNES.$proc$/usr/local/bin/../share/yosys/ice40/cells_sim.v:1330$289'.
Found async reset \R in `\SB_DFFNER.$proc$/usr/local/bin/../share/yosys/ice40/cells_sim.v:1199$278'.
Found async reset \S in `\SB_DFFNS.$proc$/usr/local/bin/../share/yosys/ice40/cells_sim.v:1074$268'.
Found async reset \R in `\SB_DFFNR.$proc$/usr/local/bin/../share/yosys/ice40/cells_sim.v:957$262'.
Found async reset \S in `\SB_DFFES.$proc$/usr/local/bin/../share/yosys/ice40/cells_sim.v:753$251'.
Found async reset \R in `\SB_DFFER.$proc$/usr/local/bin/../share/yosys/ice40/cells_sim.v:622$240'.
Found async reset \S in `\SB_DFFS.$proc$/usr/local/bin/../share/yosys/ice40/cells_sim.v:497$230'.
Found async reset \R in `\SB_DFFR.$proc$/usr/local/bin/../share/yosys/ice40/cells_sim.v:380$224'.

3.3.6. Executing PROC_MUX pass (convert decision trees to multiplexers).
Creating decoders for process `\SB_DFFNES.$proc$/usr/local/bin/../share/yosys/ice40/cells_sim.v:0$292'.
Creating decoders for process `\SB_DFFNES.$proc$/usr/local/bin/../share/yosys/ice40/cells_sim.v:1330$289'.
     1/1: $0\Q[0:0]
Creating decoders for process `\SB_DFFNESS.$proc$/usr/local/bin/../share/yosys/ice40/cells_sim.v:0$288'.
Creating decoders for process `\SB_DFFNESS.$proc$/usr/local/bin/../share/yosys/ice40/cells_sim.v:1274$282'.
     1/1: $0\Q[0:0]
Creating decoders for process `\SB_DFFNER.$proc$/usr/local/bin/../share/yosys/ice40/cells_sim.v:0$281'.
Creating decoders for process `\SB_DFFNER.$proc$/usr/local/bin/../share/yosys/ice40/cells_sim.v:1199$278'.
     1/1: $0\Q[0:0]
Creating decoders for process `\SB_DFFNESR.$proc$/usr/local/bin/../share/yosys/ice40/cells_sim.v:0$277'.
Creating decoders for process `\SB_DFFNESR.$proc$/usr/local/bin/../share/yosys/ice40/cells_sim.v:1143$271'.
     1/1: $0\Q[0:0]
Creating decoders for process `\SB_DFFNS.$proc$/usr/local/bin/../share/yosys/ice40/cells_sim.v:0$270'.
Creating decoders for process `\SB_DFFNS.$proc$/usr/local/bin/../share/yosys/ice40/cells_sim.v:1074$268'.
     1/1: $0\Q[0:0]
Creating decoders for process `\SB_DFFNSS.$proc$/usr/local/bin/../share/yosys/ice40/cells_sim.v:0$267'.
Creating decoders for process `\SB_DFFNSS.$proc$/usr/local/bin/../share/yosys/ice40/cells_sim.v:1026$265'.
     1/1: $0\Q[0:0]
Creating decoders for process `\SB_DFFNR.$proc$/usr/local/bin/../share/yosys/ice40/cells_sim.v:0$264'.
Creating decoders for process `\SB_DFFNR.$proc$/usr/local/bin/../share/yosys/ice40/cells_sim.v:957$262'.
     1/1: $0\Q[0:0]
Creating decoders for process `\SB_DFFNSR.$proc$/usr/local/bin/../share/yosys/ice40/cells_sim.v:0$261'.
Creating decoders for process `\SB_DFFNSR.$proc$/usr/local/bin/../share/yosys/ice40/cells_sim.v:909$259'.
     1/1: $0\Q[0:0]
Creating decoders for process `\SB_DFFNE.$proc$/usr/local/bin/../share/yosys/ice40/cells_sim.v:0$258'.
Creating decoders for process `\SB_DFFNE.$proc$/usr/local/bin/../share/yosys/ice40/cells_sim.v:866$257'.
     1/1: $0\Q[0:0]
Creating decoders for process `\SB_DFFN.$proc$/usr/local/bin/../share/yosys/ice40/cells_sim.v:0$256'.
Creating decoders for process `\SB_DFFN.$proc$/usr/local/bin/../share/yosys/ice40/cells_sim.v:830$255'.
Creating decoders for process `\SB_DFFES.$proc$/usr/local/bin/../share/yosys/ice40/cells_sim.v:0$254'.
Creating decoders for process `\SB_DFFES.$proc$/usr/local/bin/../share/yosys/ice40/cells_sim.v:753$251'.
     1/1: $0\Q[0:0]
Creating decoders for process `\SB_DFFESS.$proc$/usr/local/bin/../share/yosys/ice40/cells_sim.v:0$250'.
Creating decoders for process `\SB_DFFESS.$proc$/usr/local/bin/../share/yosys/ice40/cells_sim.v:697$244'.
     1/1: $0\Q[0:0]
Creating decoders for process `\SB_DFFER.$proc$/usr/local/bin/../share/yosys/ice40/cells_sim.v:0$243'.
Creating decoders for process `\SB_DFFER.$proc$/usr/local/bin/../share/yosys/ice40/cells_sim.v:622$240'.
     1/1: $0\Q[0:0]
Creating decoders for process `\SB_DFFESR.$proc$/usr/local/bin/../share/yosys/ice40/cells_sim.v:0$239'.
Creating decoders for process `\SB_DFFESR.$proc$/usr/local/bin/../share/yosys/ice40/cells_sim.v:566$233'.
     1/1: $0\Q[0:0]
Creating decoders for process `\SB_DFFS.$proc$/usr/local/bin/../share/yosys/ice40/cells_sim.v:0$232'.
Creating decoders for process `\SB_DFFS.$proc$/usr/local/bin/../share/yosys/ice40/cells_sim.v:497$230'.
     1/1: $0\Q[0:0]
Creating decoders for process `\SB_DFFSS.$proc$/usr/local/bin/../share/yosys/ice40/cells_sim.v:0$229'.
Creating decoders for process `\SB_DFFSS.$proc$/usr/local/bin/../share/yosys/ice40/cells_sim.v:449$227'.
     1/1: $0\Q[0:0]
Creating decoders for process `\SB_DFFR.$proc$/usr/local/bin/../share/yosys/ice40/cells_sim.v:0$226'.
Creating decoders for process `\SB_DFFR.$proc$/usr/local/bin/../share/yosys/ice40/cells_sim.v:380$224'.
     1/1: $0\Q[0:0]
Creating decoders for process `\SB_DFFSR.$proc$/usr/local/bin/../share/yosys/ice40/cells_sim.v:0$223'.
Creating decoders for process `\SB_DFFSR.$proc$/usr/local/bin/../share/yosys/ice40/cells_sim.v:332$221'.
     1/1: $0\Q[0:0]
Creating decoders for process `\SB_DFFE.$proc$/usr/local/bin/../share/yosys/ice40/cells_sim.v:0$220'.
Creating decoders for process `\SB_DFFE.$proc$/usr/local/bin/../share/yosys/ice40/cells_sim.v:289$219'.
     1/1: $0\Q[0:0]
Creating decoders for process `\SB_DFF.$proc$/usr/local/bin/../share/yosys/ice40/cells_sim.v:0$218'.
Creating decoders for process `\SB_DFF.$proc$/usr/local/bin/../share/yosys/ice40/cells_sim.v:253$217'.
Creating decoders for process `$paramod\pseudo_rand\WIDTH=257.$proc$pseudo_rand.sv:54$434'.
Creating decoders for process `$paramod\pseudo_rand\WIDTH=257.$proc$pseudo_rand_gen.sv:37$430'.
Creating decoders for process `$paramod\pseudo_rand\WIDTH=257.$proc$pseudo_rand_gen.sv:34$429'.
Creating decoders for process `\top.$proc$top_gen.sv:0$34'.
Creating decoders for process `\top.$proc$top_gen.sv:43$17'.
Creating decoders for process `\top.$proc$top_gen.sv:43$16'.
Creating decoders for process `\top.$proc$top_gen.sv:43$15'.
Creating decoders for process `\top.$proc$top_gen.sv:43$14'.
Creating decoders for process `\top.$proc$top_gen.sv:43$13'.
Creating decoders for process `\top.$proc$top_gen.sv:43$12'.
Creating decoders for process `\top.$proc$top_gen.sv:43$11'.
Creating decoders for process `\top.$proc$top_gen.sv:43$10'.
Creating decoders for process `\top.$proc$top_gen.sv:52$1'.

3.3.7. Executing PROC_DLATCH pass (convert process syncs to latches).
No latch inferred for signal `$paramod\pseudo_rand\WIDTH=257.\SEED' from process `$paramod\pseudo_rand\WIDTH=257.$proc$pseudo_rand.sv:54$434'.
No latch inferred for signal `\top.\Slice_carry_out_a0[0]' from process `\top.$proc$top_gen.sv:0$34'.
No latch inferred for signal `\top.\Slice_carry_out_a0[1]' from process `\top.$proc$top_gen.sv:0$34'.
No latch inferred for signal `\top.\Slice_carry_out_a0[2]' from process `\top.$proc$top_gen.sv:0$34'.
No latch inferred for signal `\top.\Slice_carry_out_a0[3]' from process `\top.$proc$top_gen.sv:0$34'.
No latch inferred for signal `\top.\Slice_carry_out_a0[4]' from process `\top.$proc$top_gen.sv:0$34'.
No latch inferred for signal `\top.\Slice_carry_out_a0[5]' from process `\top.$proc$top_gen.sv:0$34'.
No latch inferred for signal `\top.\Slice_carry_out_a0[6]' from process `\top.$proc$top_gen.sv:0$34'.
No latch inferred for signal `\top.\Slice_carry_out_a0[7]' from process `\top.$proc$top_gen.sv:0$34'.

3.3.8. Executing PROC_DFF pass (convert process syncs to FFs).
Creating register for signal `\SB_DFFNES.\Q' using process `\SB_DFFNES.$proc$/usr/local/bin/../share/yosys/ice40/cells_sim.v:1330$289'.
  created $adff cell `$procdff$479' with negative edge clock and positive level reset.
Creating register for signal `\SB_DFFNESS.\Q' using process `\SB_DFFNESS.$proc$/usr/local/bin/../share/yosys/ice40/cells_sim.v:1274$282'.
  created $dff cell `$procdff$480' with negative edge clock.
Creating register for signal `\SB_DFFNER.\Q' using process `\SB_DFFNER.$proc$/usr/local/bin/../share/yosys/ice40/cells_sim.v:1199$278'.
  created $adff cell `$procdff$481' with negative edge clock and positive level reset.
Creating register for signal `\SB_DFFNESR.\Q' using process `\SB_DFFNESR.$proc$/usr/local/bin/../share/yosys/ice40/cells_sim.v:1143$271'.
  created $dff cell `$procdff$482' with negative edge clock.
Creating register for signal `\SB_DFFNS.\Q' using process `\SB_DFFNS.$proc$/usr/local/bin/../share/yosys/ice40/cells_sim.v:1074$268'.
  created $adff cell `$procdff$483' with negative edge clock and positive level reset.
Creating register for signal `\SB_DFFNSS.\Q' using process `\SB_DFFNSS.$proc$/usr/local/bin/../share/yosys/ice40/cells_sim.v:1026$265'.
  created $dff cell `$procdff$484' with negative edge clock.
Creating register for signal `\SB_DFFNR.\Q' using process `\SB_DFFNR.$proc$/usr/local/bin/../share/yosys/ice40/cells_sim.v:957$262'.
  created $adff cell `$procdff$485' with negative edge clock and positive level reset.
Creating register for signal `\SB_DFFNSR.\Q' using process `\SB_DFFNSR.$proc$/usr/local/bin/../share/yosys/ice40/cells_sim.v:909$259'.
  created $dff cell `$procdff$486' with negative edge clock.
Creating register for signal `\SB_DFFNE.\Q' using process `\SB_DFFNE.$proc$/usr/local/bin/../share/yosys/ice40/cells_sim.v:866$257'.
  created $dff cell `$procdff$487' with negative edge clock.
Creating register for signal `\SB_DFFN.\Q' using process `\SB_DFFN.$proc$/usr/local/bin/../share/yosys/ice40/cells_sim.v:830$255'.
  created $dff cell `$procdff$488' with negative edge clock.
Creating register for signal `\SB_DFFES.\Q' using process `\SB_DFFES.$proc$/usr/local/bin/../share/yosys/ice40/cells_sim.v:753$251'.
  created $adff cell `$procdff$489' with positive edge clock and positive level reset.
Creating register for signal `\SB_DFFESS.\Q' using process `\SB_DFFESS.$proc$/usr/local/bin/../share/yosys/ice40/cells_sim.v:697$244'.
  created $dff cell `$procdff$490' with positive edge clock.
Creating register for signal `\SB_DFFER.\Q' using process `\SB_DFFER.$proc$/usr/local/bin/../share/yosys/ice40/cells_sim.v:622$240'.
  created $adff cell `$procdff$491' with positive edge clock and positive level reset.
Creating register for signal `\SB_DFFESR.\Q' using process `\SB_DFFESR.$proc$/usr/local/bin/../share/yosys/ice40/cells_sim.v:566$233'.
  created $dff cell `$procdff$492' with positive edge clock.
Creating register for signal `\SB_DFFS.\Q' using process `\SB_DFFS.$proc$/usr/local/bin/../share/yosys/ice40/cells_sim.v:497$230'.
  created $adff cell `$procdff$493' with positive edge clock and positive level reset.
Creating register for signal `\SB_DFFSS.\Q' using process `\SB_DFFSS.$proc$/usr/local/bin/../share/yosys/ice40/cells_sim.v:449$227'.
  created $dff cell `$procdff$494' with positive edge clock.
Creating register for signal `\SB_DFFR.\Q' using process `\SB_DFFR.$proc$/usr/local/bin/../share/yosys/ice40/cells_sim.v:380$224'.
  created $adff cell `$procdff$495' with positive edge clock and positive level reset.
Creating register for signal `\SB_DFFSR.\Q' using process `\SB_DFFSR.$proc$/usr/local/bin/../share/yosys/ice40/cells_sim.v:332$221'.
  created $dff cell `$procdff$496' with positive edge clock.
Creating register for signal `\SB_DFFE.\Q' using process `\SB_DFFE.$proc$/usr/local/bin/../share/yosys/ice40/cells_sim.v:289$219'.
  created $dff cell `$procdff$497' with positive edge clock.
Creating register for signal `\SB_DFF.\Q' using process `\SB_DFF.$proc$/usr/local/bin/../share/yosys/ice40/cells_sim.v:253$217'.
  created $dff cell `$procdff$498' with positive edge clock.
Creating register for signal `$paramod\pseudo_rand\WIDTH=257.\DEFAULT_reset_a1' using process `$paramod\pseudo_rand\WIDTH=257.$proc$pseudo_rand_gen.sv:37$430'.
  created $dff cell `$procdff$499' with positive edge clock.
Creating register for signal `$paramod\pseudo_rand\WIDTH=257.\DEFAULT_lfsr_a2' using process `$paramod\pseudo_rand\WIDTH=257.$proc$pseudo_rand_gen.sv:34$429'.
  created $dff cell `$procdff$500' with positive edge clock.
Creating register for signal `\top.\Slice_Value_a0 [7]' using process `\top.$proc$top_gen.sv:43$17'.
  created $dff cell `$procdff$501' with positive edge clock.
Creating register for signal `\top.\Slice_Value_a0 [6]' using process `\top.$proc$top_gen.sv:43$16'.
  created $dff cell `$procdff$502' with positive edge clock.
Creating register for signal `\top.\Slice_Value_a0 [5]' using process `\top.$proc$top_gen.sv:43$15'.
  created $dff cell `$procdff$503' with positive edge clock.
Creating register for signal `\top.\Slice_Value_a0 [4]' using process `\top.$proc$top_gen.sv:43$14'.
  created $dff cell `$procdff$504' with positive edge clock.
Creating register for signal `\top.\Slice_Value_a0 [3]' using process `\top.$proc$top_gen.sv:43$13'.
  created $dff cell `$procdff$505' with positive edge clock.
Creating register for signal `\top.\Slice_Value_a0 [2]' using process `\top.$proc$top_gen.sv:43$12'.
  created $dff cell `$procdff$506' with positive edge clock.
Creating register for signal `\top.\Slice_Value_a0 [1]' using process `\top.$proc$top_gen.sv:43$11'.
  created $dff cell `$procdff$507' with positive edge clock.
Creating register for signal `\top.\Slice_Value_a0 [0]' using process `\top.$proc$top_gen.sv:43$10'.
  created $dff cell `$procdff$508' with positive edge clock.
Creating register for signal `\top.\Tb_Value_a0' using process `\top.$proc$top_gen.sv:52$1'.
  created $dff cell `$procdff$509' with positive edge clock.

3.3.9. Executing PROC_CLEAN pass (remove empty switches from decision trees).
Removing empty process `SB_DFFNES.$proc$/usr/local/bin/../share/yosys/ice40/cells_sim.v:0$292'.
Found and cleaned up 1 empty switch in `\SB_DFFNES.$proc$/usr/local/bin/../share/yosys/ice40/cells_sim.v:1330$289'.
Removing empty process `SB_DFFNES.$proc$/usr/local/bin/../share/yosys/ice40/cells_sim.v:1330$289'.
Removing empty process `SB_DFFNESS.$proc$/usr/local/bin/../share/yosys/ice40/cells_sim.v:0$288'.
Found and cleaned up 2 empty switches in `\SB_DFFNESS.$proc$/usr/local/bin/../share/yosys/ice40/cells_sim.v:1274$282'.
Removing empty process `SB_DFFNESS.$proc$/usr/local/bin/../share/yosys/ice40/cells_sim.v:1274$282'.
Removing empty process `SB_DFFNER.$proc$/usr/local/bin/../share/yosys/ice40/cells_sim.v:0$281'.
Found and cleaned up 1 empty switch in `\SB_DFFNER.$proc$/usr/local/bin/../share/yosys/ice40/cells_sim.v:1199$278'.
Removing empty process `SB_DFFNER.$proc$/usr/local/bin/../share/yosys/ice40/cells_sim.v:1199$278'.
Removing empty process `SB_DFFNESR.$proc$/usr/local/bin/../share/yosys/ice40/cells_sim.v:0$277'.
Found and cleaned up 2 empty switches in `\SB_DFFNESR.$proc$/usr/local/bin/../share/yosys/ice40/cells_sim.v:1143$271'.
Removing empty process `SB_DFFNESR.$proc$/usr/local/bin/../share/yosys/ice40/cells_sim.v:1143$271'.
Removing empty process `SB_DFFNS.$proc$/usr/local/bin/../share/yosys/ice40/cells_sim.v:0$270'.
Removing empty process `SB_DFFNS.$proc$/usr/local/bin/../share/yosys/ice40/cells_sim.v:1074$268'.
Removing empty process `SB_DFFNSS.$proc$/usr/local/bin/../share/yosys/ice40/cells_sim.v:0$267'.
Found and cleaned up 1 empty switch in `\SB_DFFNSS.$proc$/usr/local/bin/../share/yosys/ice40/cells_sim.v:1026$265'.
Removing empty process `SB_DFFNSS.$proc$/usr/local/bin/../share/yosys/ice40/cells_sim.v:1026$265'.
Removing empty process `SB_DFFNR.$proc$/usr/local/bin/../share/yosys/ice40/cells_sim.v:0$264'.
Removing empty process `SB_DFFNR.$proc$/usr/local/bin/../share/yosys/ice40/cells_sim.v:957$262'.
Removing empty process `SB_DFFNSR.$proc$/usr/local/bin/../share/yosys/ice40/cells_sim.v:0$261'.
Found and cleaned up 1 empty switch in `\SB_DFFNSR.$proc$/usr/local/bin/../share/yosys/ice40/cells_sim.v:909$259'.
Removing empty process `SB_DFFNSR.$proc$/usr/local/bin/../share/yosys/ice40/cells_sim.v:909$259'.
Removing empty process `SB_DFFNE.$proc$/usr/local/bin/../share/yosys/ice40/cells_sim.v:0$258'.
Found and cleaned up 1 empty switch in `\SB_DFFNE.$proc$/usr/local/bin/../share/yosys/ice40/cells_sim.v:866$257'.
Removing empty process `SB_DFFNE.$proc$/usr/local/bin/../share/yosys/ice40/cells_sim.v:866$257'.
Removing empty process `SB_DFFN.$proc$/usr/local/bin/../share/yosys/ice40/cells_sim.v:0$256'.
Removing empty process `SB_DFFN.$proc$/usr/local/bin/../share/yosys/ice40/cells_sim.v:830$255'.
Removing empty process `SB_DFFES.$proc$/usr/local/bin/../share/yosys/ice40/cells_sim.v:0$254'.
Found and cleaned up 1 empty switch in `\SB_DFFES.$proc$/usr/local/bin/../share/yosys/ice40/cells_sim.v:753$251'.
Removing empty process `SB_DFFES.$proc$/usr/local/bin/../share/yosys/ice40/cells_sim.v:753$251'.
Removing empty process `SB_DFFESS.$proc$/usr/local/bin/../share/yosys/ice40/cells_sim.v:0$250'.
Found and cleaned up 2 empty switches in `\SB_DFFESS.$proc$/usr/local/bin/../share/yosys/ice40/cells_sim.v:697$244'.
Removing empty process `SB_DFFESS.$proc$/usr/local/bin/../share/yosys/ice40/cells_sim.v:697$244'.
Removing empty process `SB_DFFER.$proc$/usr/local/bin/../share/yosys/ice40/cells_sim.v:0$243'.
Found and cleaned up 1 empty switch in `\SB_DFFER.$proc$/usr/local/bin/../share/yosys/ice40/cells_sim.v:622$240'.
Removing empty process `SB_DFFER.$proc$/usr/local/bin/../share/yosys/ice40/cells_sim.v:622$240'.
Removing empty process `SB_DFFESR.$proc$/usr/local/bin/../share/yosys/ice40/cells_sim.v:0$239'.
Found and cleaned up 2 empty switches in `\SB_DFFESR.$proc$/usr/local/bin/../share/yosys/ice40/cells_sim.v:566$233'.
Removing empty process `SB_DFFESR.$proc$/usr/local/bin/../share/yosys/ice40/cells_sim.v:566$233'.
Removing empty process `SB_DFFS.$proc$/usr/local/bin/../share/yosys/ice40/cells_sim.v:0$232'.
Removing empty process `SB_DFFS.$proc$/usr/local/bin/../share/yosys/ice40/cells_sim.v:497$230'.
Removing empty process `SB_DFFSS.$proc$/usr/local/bin/../share/yosys/ice40/cells_sim.v:0$229'.
Found and cleaned up 1 empty switch in `\SB_DFFSS.$proc$/usr/local/bin/../share/yosys/ice40/cells_sim.v:449$227'.
Removing empty process `SB_DFFSS.$proc$/usr/local/bin/../share/yosys/ice40/cells_sim.v:449$227'.
Removing empty process `SB_DFFR.$proc$/usr/local/bin/../share/yosys/ice40/cells_sim.v:0$226'.
Removing empty process `SB_DFFR.$proc$/usr/local/bin/../share/yosys/ice40/cells_sim.v:380$224'.
Removing empty process `SB_DFFSR.$proc$/usr/local/bin/../share/yosys/ice40/cells_sim.v:0$223'.
Found and cleaned up 1 empty switch in `\SB_DFFSR.$proc$/usr/local/bin/../share/yosys/ice40/cells_sim.v:332$221'.
Removing empty process `SB_DFFSR.$proc$/usr/local/bin/../share/yosys/ice40/cells_sim.v:332$221'.
Removing empty process `SB_DFFE.$proc$/usr/local/bin/../share/yosys/ice40/cells_sim.v:0$220'.
Found and cleaned up 1 empty switch in `\SB_DFFE.$proc$/usr/local/bin/../share/yosys/ice40/cells_sim.v:289$219'.
Removing empty process `SB_DFFE.$proc$/usr/local/bin/../share/yosys/ice40/cells_sim.v:289$219'.
Removing empty process `SB_DFF.$proc$/usr/local/bin/../share/yosys/ice40/cells_sim.v:0$218'.
Removing empty process `SB_DFF.$proc$/usr/local/bin/../share/yosys/ice40/cells_sim.v:253$217'.
Removing empty process `$paramod\pseudo_rand\WIDTH=257.$proc$pseudo_rand.sv:54$434'.
Removing empty process `$paramod\pseudo_rand\WIDTH=257.$proc$pseudo_rand_gen.sv:37$430'.
Removing empty process `$paramod\pseudo_rand\WIDTH=257.$proc$pseudo_rand_gen.sv:34$429'.
Removing empty process `top.$proc$top_gen.sv:0$34'.
Removing empty process `top.$proc$top_gen.sv:43$17'.
Removing empty process `top.$proc$top_gen.sv:43$16'.
Removing empty process `top.$proc$top_gen.sv:43$15'.
Removing empty process `top.$proc$top_gen.sv:43$14'.
Removing empty process `top.$proc$top_gen.sv:43$13'.
Removing empty process `top.$proc$top_gen.sv:43$12'.
Removing empty process `top.$proc$top_gen.sv:43$11'.
Removing empty process `top.$proc$top_gen.sv:43$10'.
Removing empty process `top.$proc$top_gen.sv:52$1'.
Cleaned up 18 empty switches.

3.4. Executing FLATTEN pass (flatten design).
Deleting now unused module $paramod\pseudo_rand\WIDTH=257.
<suppressed ~1 debug messages>

3.5. Executing TRIBUF pass.

3.6. Executing DEMINOUT pass (demote inout ports to input or output).

3.7. Executing OPT_EXPR pass (perform const folding).
Optimizing module top.
<suppressed ~2 debug messages>

3.8. Executing OPT_CLEAN pass (remove unused cells and wires).
Finding unused cells or wires in module \top..
Removed 6 unused cells and 50 unused wires.
<suppressed ~13 debug messages>

3.9. Executing CHECK pass (checking for obvious problems).
checking module top..
found and reported 0 problems.

3.10. Executing OPT pass (performing simple optimizations).

3.10.1. Executing OPT_EXPR pass (perform const folding).
Optimizing module top.

3.10.2. Executing OPT_MERGE pass (detect identical cells).
Finding identical cells in module `\top'.
Removed a total of 0 cells.

3.10.3. Executing OPT_MUXTREE pass (detect dead branches in mux trees).
Running muxtree optimizer on module \top..
  Creating internal representation of mux trees.
  Evaluating internal representation of mux trees.
  Analyzing evaluation results.
Removed 0 multiplexer ports.
<suppressed ~9 debug messages>

3.10.4. Executing OPT_REDUCE pass (consolidate $*mux and $reduce_* inputs).
  Optimizing cells in module \top.
Performed a total of 0 changes.

3.10.5. Executing OPT_MERGE pass (detect identical cells).
Finding identical cells in module `\top'.
Removed a total of 0 cells.

3.10.6. Executing OPT_DFF pass (perform DFF optimizations).

3.10.7. Executing OPT_CLEAN pass (remove unused cells and wires).
Finding unused cells or wires in module \top..
Removed 0 unused cells and 2 unused wires.
<suppressed ~2 debug messages>

3.10.8. Executing OPT_EXPR pass (perform const folding).
Optimizing module top.

3.10.9. Rerunning OPT passes. (Maybe there is more to do..)

3.10.10. Executing OPT_MUXTREE pass (detect dead branches in mux trees).
Running muxtree optimizer on module \top..
  Creating internal representation of mux trees.
  Evaluating internal representation of mux trees.
  Analyzing evaluation results.
Removed 0 multiplexer ports.
<suppressed ~9 debug messages>

3.10.11. Executing OPT_REDUCE pass (consolidate $*mux and $reduce_* inputs).
  Optimizing cells in module \top.
Performed a total of 0 changes.

3.10.12. Executing OPT_MERGE pass (detect identical cells).
Finding identical cells in module `\top'.
Removed a total of 0 cells.

3.10.13. Executing OPT_DFF pass (perform DFF optimizations).

3.10.14. Executing OPT_CLEAN pass (remove unused cells and wires).
Finding unused cells or wires in module \top..

3.10.15. Executing OPT_EXPR pass (perform const folding).
Optimizing module top.

3.10.16. Finished OPT passes. (There is nothing left to do.)

3.11. Executing FSM pass (extract and optimize FSM).

3.11.1. Executing FSM_DETECT pass (finding FSMs in design).

3.11.2. Executing FSM_EXTRACT pass (extracting FSM from design).

3.11.3. Executing FSM_OPT pass (simple optimizations of FSMs).

3.11.4. Executing OPT_CLEAN pass (remove unused cells and wires).
Finding unused cells or wires in module \top..

3.11.5. Executing FSM_OPT pass (simple optimizations of FSMs).

3.11.6. Executing FSM_RECODE pass (re-assigning FSM state encoding).

3.11.7. Executing FSM_INFO pass (dumping all available information on FSM cells).

3.11.8. Executing FSM_MAP pass (mapping FSMs to basic logic).

3.12. Executing OPT pass (performing simple optimizations).

3.12.1. Executing OPT_EXPR pass (perform const folding).
Optimizing module top.

3.12.2. Executing OPT_MERGE pass (detect identical cells).
Finding identical cells in module `\top'.
Removed a total of 0 cells.

3.12.3. Executing OPT_MUXTREE pass (detect dead branches in mux trees).
Running muxtree optimizer on module \top..
  Creating internal representation of mux trees.
  Evaluating internal representation of mux trees.
  Analyzing evaluation results.
Removed 0 multiplexer ports.
<suppressed ~9 debug messages>

3.12.4. Executing OPT_REDUCE pass (consolidate $*mux and $reduce_* inputs).
  Optimizing cells in module \top.
Performed a total of 0 changes.

3.12.5. Executing OPT_MERGE pass (detect identical cells).
Finding identical cells in module `\top'.
Removed a total of 0 cells.

3.12.6. Executing OPT_DFF pass (perform DFF optimizations).
Adding SRST signal on $procdff$509 ($dff) from module top (D = $add$top.tlv:30$2_Y, Q = \Tb_Value_a0, rval = 8'00000000).
Adding SRST signal on $procdff$508 ($dff) from module top (D = $auto$rtlil.cc:2121:Not$511, Q = \Slice_Value_a0 [0], rval = 1'0).
Adding SRST signal on $procdff$507 ($dff) from module top (D = $xor$top.tlv:21$20_Y, Q = \Slice_Value_a0 [1], rval = 1'0).
Adding SRST signal on $procdff$506 ($dff) from module top (D = $xor$top.tlv:21$22_Y, Q = \Slice_Value_a0 [2], rval = 1'0).
Adding SRST signal on $procdff$505 ($dff) from module top (D = $xor$top.tlv:21$24_Y, Q = \Slice_Value_a0 [3], rval = 1'0).
Adding SRST signal on $procdff$504 ($dff) from module top (D = $xor$top.tlv:21$26_Y, Q = \Slice_Value_a0 [4], rval = 1'0).
Adding SRST signal on $procdff$503 ($dff) from module top (D = $xor$top.tlv:21$28_Y, Q = \Slice_Value_a0 [5], rval = 1'0).
Adding SRST signal on $procdff$502 ($dff) from module top (D = $xor$top.tlv:21$30_Y, Q = \Slice_Value_a0 [6], rval = 1'0).
Adding SRST signal on $procdff$501 ($dff) from module top (D = $xor$top.tlv:21$32_Y, Q = \Slice_Value_a0 [7], rval = 1'0).

3.12.7. Executing OPT_CLEAN pass (remove unused cells and wires).
Finding unused cells or wires in module \top..
Removed 9 unused cells and 11 unused wires.
<suppressed ~20 debug messages>

3.12.8. Executing OPT_EXPR pass (perform const folding).
Optimizing module top.

3.12.9. Rerunning OPT passes. (Maybe there is more to do..)

3.12.10. Executing OPT_MUXTREE pass (detect dead branches in mux trees).
Running muxtree optimizer on module \top..
  Creating internal representation of mux trees.
  No muxes found in this module.
Removed 0 multiplexer ports.

3.12.11. Executing OPT_REDUCE pass (consolidate $*mux and $reduce_* inputs).
  Optimizing cells in module \top.
Performed a total of 0 changes.

3.12.12. Executing OPT_MERGE pass (detect identical cells).
Finding identical cells in module `\top'.
Removed a total of 0 cells.

3.12.13. Executing OPT_DFF pass (perform DFF optimizations).

3.12.14. Executing OPT_CLEAN pass (remove unused cells and wires).
Finding unused cells or wires in module \top..

3.12.15. Executing OPT_EXPR pass (perform const folding).
Optimizing module top.

3.12.16. Finished OPT passes. (There is nothing left to do.)

3.13. Executing WREDUCE pass (reducing word size of cells).
Removed top 7 bits (of 8) from port B of cell top.$add$top.tlv:30$2 ($add).
Removed top 3 bits (of 8) from port B of cell top.$eq$top.tlv:35$7 ($eq).
Removed top 27 bits (of 32) from port B of cell top.$ge$top.tlv:35$8 ($ge).

3.14. Executing PEEPOPT pass (run peephole optimizers).

3.15. Executing OPT_CLEAN pass (remove unused cells and wires).
Finding unused cells or wires in module \top..

3.16. Executing SHARE pass (SAT-based resource sharing).

3.17. Executing TECHMAP pass (map to technology primitives).

3.17.1. Executing Verilog-2005 frontend: /usr/local/bin/../share/yosys/cmp2lut.v
Parsing Verilog input from `/usr/local/bin/../share/yosys/cmp2lut.v' to AST representation.
Generating RTLIL representation for module `\_90_lut_cmp_'.
Successfully finished Verilog frontend.

3.17.2. Continuing TECHMAP pass.
No more expansions possible.
<suppressed ~36 debug messages>

3.18. Executing OPT_EXPR pass (perform const folding).
Optimizing module top.

3.19. Executing OPT_CLEAN pass (remove unused cells and wires).
Finding unused cells or wires in module \top..

3.20. Executing ALUMACC pass (create $alu and $macc cells).
Extracting $alu and $macc cells in module top:
  creating $macc model for $add$top.tlv:30$2 ($add).
  creating $alu model for $macc $add$top.tlv:30$2.
  creating $alu model for $ge$top.tlv:35$8 ($ge): new $alu
  creating $alu cell for $ge$top.tlv:35$8: $auto$alumacc.cc:485:replace_alu$522
  creating $alu cell for $add$top.tlv:30$2: $auto$alumacc.cc:485:replace_alu$531
  created 2 $alu and 0 $macc cells.

3.21. Executing OPT pass (performing simple optimizations).

3.21.1. Executing OPT_EXPR pass (perform const folding).
Optimizing module top.

3.21.2. Executing OPT_MERGE pass (detect identical cells).
Finding identical cells in module `\top'.
Removed a total of 0 cells.

3.21.3. Executing OPT_MUXTREE pass (detect dead branches in mux trees).
Running muxtree optimizer on module \top..
  Creating internal representation of mux trees.
  No muxes found in this module.
Removed 0 multiplexer ports.

3.21.4. Executing OPT_REDUCE pass (consolidate $*mux and $reduce_* inputs).
  Optimizing cells in module \top.
Performed a total of 0 changes.

3.21.5. Executing OPT_MERGE pass (detect identical cells).
Finding identical cells in module `\top'.
Removed a total of 0 cells.

3.21.6. Executing OPT_DFF pass (perform DFF optimizations).

3.21.7. Executing OPT_CLEAN pass (remove unused cells and wires).
Finding unused cells or wires in module \top..
Removed 0 unused cells and 1 unused wires.
<suppressed ~1 debug messages>

3.21.8. Executing OPT_EXPR pass (perform const folding).
Optimizing module top.

3.21.9. Rerunning OPT passes. (Maybe there is more to do..)

3.21.10. Executing OPT_MUXTREE pass (detect dead branches in mux trees).
Running muxtree optimizer on module \top..
  Creating internal representation of mux trees.
  No muxes found in this module.
Removed 0 multiplexer ports.

3.21.11. Executing OPT_REDUCE pass (consolidate $*mux and $reduce_* inputs).
  Optimizing cells in module \top.
Performed a total of 0 changes.

3.21.12. Executing OPT_MERGE pass (detect identical cells).
Finding identical cells in module `\top'.
Removed a total of 0 cells.

3.21.13. Executing OPT_DFF pass (perform DFF optimizations).

3.21.14. Executing OPT_CLEAN pass (remove unused cells and wires).
Finding unused cells or wires in module \top..

3.21.15. Executing OPT_EXPR pass (perform const folding).
Optimizing module top.

3.21.16. Finished OPT passes. (There is nothing left to do.)

3.22. Executing MEMORY pass.

3.22.1. Executing OPT_MEM pass (optimize memories).
Performed a total of 0 transformations.

3.22.2. Executing MEMORY_DFF pass (merging $dff cells to $memrd and $memwr).

3.22.3. Executing OPT_CLEAN pass (remove unused cells and wires).
Finding unused cells or wires in module \top..

3.22.4. Executing MEMORY_SHARE pass (consolidating $memrd/$memwr cells).

3.22.5. Executing OPT_CLEAN pass (remove unused cells and wires).
Finding unused cells or wires in module \top..

3.22.6. Executing MEMORY_COLLECT pass (generating $mem cells).

3.23. Executing OPT_CLEAN pass (remove unused cells and wires).
Finding unused cells or wires in module \top..

3.24. Executing MEMORY_BRAM pass (mapping $mem cells to block memories).

3.25. Executing TECHMAP pass (map to technology primitives).

3.25.1. Executing Verilog-2005 frontend: /usr/local/bin/../share/yosys/ice40/brams_map.v
Parsing Verilog input from `/usr/local/bin/../share/yosys/ice40/brams_map.v' to AST representation.
Generating RTLIL representation for module `\$__ICE40_RAM4K'.
Generating RTLIL representation for module `\$__ICE40_RAM4K_M0'.
Generating RTLIL representation for module `\$__ICE40_RAM4K_M123'.
Successfully finished Verilog frontend.

3.25.2. Continuing TECHMAP pass.
No more expansions possible.
<suppressed ~5 debug messages>

3.26. Executing ICE40_BRAMINIT pass.

3.27. Executing OPT pass (performing simple optimizations).

3.27.1. Executing OPT_EXPR pass (perform const folding).
Optimizing module top.

3.27.2. Executing OPT_MERGE pass (detect identical cells).
Finding identical cells in module `\top'.
Removed a total of 0 cells.

3.27.3. Executing OPT_DFF pass (perform DFF optimizations).

3.27.4. Executing OPT_CLEAN pass (remove unused cells and wires).
Finding unused cells or wires in module \top..

3.27.5. Finished fast OPT passes.

3.28. Executing MEMORY_MAP pass (converting memories to logic and flip-flops).

3.29. Executing OPT pass (performing simple optimizations).

3.29.1. Executing OPT_EXPR pass (perform const folding).
Optimizing module top.

3.29.2. Executing OPT_MERGE pass (detect identical cells).
Finding identical cells in module `\top'.
Removed a total of 0 cells.

3.29.3. Executing OPT_MUXTREE pass (detect dead branches in mux trees).
Running muxtree optimizer on module \top..
  Creating internal representation of mux trees.
  No muxes found in this module.
Removed 0 multiplexer ports.

3.29.4. Executing OPT_REDUCE pass (consolidate $*mux and $reduce_* inputs).
  Optimizing cells in module \top.
Performed a total of 0 changes.

3.29.5. Executing OPT_MERGE pass (detect identical cells).
Finding identical cells in module `\top'.
Removed a total of 0 cells.

3.29.6. Executing OPT_DFF pass (perform DFF optimizations).

3.29.7. Executing OPT_CLEAN pass (remove unused cells and wires).
Finding unused cells or wires in module \top..

3.29.8. Executing OPT_EXPR pass (perform const folding).
Optimizing module top.

3.29.9. Finished OPT passes. (There is nothing left to do.)

3.30. Executing ICE40_WRAPCARRY pass (wrap carries).

3.31. Executing TECHMAP pass (map to technology primitives).

3.31.1. Executing Verilog-2005 frontend: /usr/local/bin/../share/yosys/techmap.v
Parsing Verilog input from `/usr/local/bin/../share/yosys/techmap.v' to AST representation.
Generating RTLIL representation for module `\_90_simplemap_bool_ops'.
Generating RTLIL representation for module `\_90_simplemap_reduce_ops'.
Generating RTLIL representation for module `\_90_simplemap_logic_ops'.
Generating RTLIL representation for module `\_90_simplemap_compare_ops'.
Generating RTLIL representation for module `\_90_simplemap_various'.
Generating RTLIL representation for module `\_90_simplemap_registers'.
Generating RTLIL representation for module `\_90_shift_ops_shr_shl_sshl_sshr'.
Generating RTLIL representation for module `\_90_shift_shiftx'.
Generating RTLIL representation for module `\_90_fa'.
Generating RTLIL representation for module `\_90_lcu'.
Generating RTLIL representation for module `\_90_alu'.
Generating RTLIL representation for module `\_90_macc'.
Generating RTLIL representation for module `\_90_alumacc'.
Generating RTLIL representation for module `\$__div_mod_u'.
Generating RTLIL representation for module `\$__div_mod_trunc'.
Generating RTLIL representation for module `\_90_div'.
Generating RTLIL representation for module `\_90_mod'.
Generating RTLIL representation for module `\$__div_mod_floor'.
Generating RTLIL representation for module `\_90_divfloor'.
Generating RTLIL representation for module `\_90_modfloor'.
Generating RTLIL representation for module `\_90_pow'.
Generating RTLIL representation for module `\_90_pmux'.
Generating RTLIL representation for module `\_90_lut'.
Successfully finished Verilog frontend.

3.31.2. Executing Verilog-2005 frontend: /usr/local/bin/../share/yosys/ice40/arith_map.v
Parsing Verilog input from `/usr/local/bin/../share/yosys/ice40/arith_map.v' to AST representation.
Generating RTLIL representation for module `\_80_ice40_alu'.
Successfully finished Verilog frontend.

3.31.3. Continuing TECHMAP pass.
Using extmapper simplemap for cells of type $not.
Using template $paramod\_80_ice40_alu\A_SIGNED=0\B_SIGNED=0\A_WIDTH=5\B_WIDTH=32\Y_WIDTH=32 for cells of type $alu.
Using extmapper simplemap for cells of type $reduce_and.
Using extmapper simplemap for cells of type $reduce_or.
Using extmapper simplemap for cells of type $sdff.
Using extmapper simplemap for cells of type $ne.
Using extmapper simplemap for cells of type $logic_not.
Using extmapper simplemap for cells of type $logic_and.
Using extmapper simplemap for cells of type $eq.
Using template $paramod\_80_ice40_alu\A_SIGNED=0\B_SIGNED=0\A_WIDTH=1\B_WIDTH=8\Y_WIDTH=8 for cells of type $alu.
Using extmapper simplemap for cells of type $xor.
Using extmapper simplemap for cells of type $mux.
Using extmapper simplemap for cells of type $pos.
No more expansions possible.
<suppressed ~148 debug messages>

3.32. Executing OPT pass (performing simple optimizations).

3.32.1. Executing OPT_EXPR pass (perform const folding).
Optimizing module top.
<suppressed ~92 debug messages>

3.32.2. Executing OPT_MERGE pass (detect identical cells).
Finding identical cells in module `\top'.
<suppressed ~15 debug messages>
Removed a total of 5 cells.

3.32.3. Executing OPT_DFF pass (perform DFF optimizations).

3.32.4. Executing OPT_CLEAN pass (remove unused cells and wires).
Finding unused cells or wires in module \top..
Removed 4 unused cells and 41 unused wires.
<suppressed ~5 debug messages>

3.32.5. Finished fast OPT passes.

3.33. Executing ICE40_OPT pass (performing simple optimizations).

3.33.1. Running ICE40 specific optimizations.
Optimized $__ICE40_CARRY_WRAPPER cell back to logic (without SB_CARRY) top.$auto$alumacc.cc:485:replace_alu$522.slice[0].carry: CO=$auto$alumacc.cc:485:replace_alu$522.BB [0]
Optimized $__ICE40_CARRY_WRAPPER cell back to logic (without SB_CARRY) top.$auto$alumacc.cc:485:replace_alu$531.slice[0].carry: CO=\Tb_Value_a0 [0]

3.33.2. Executing OPT_EXPR pass (perform const folding).
Optimizing module top.

3.33.3. Executing OPT_MERGE pass (detect identical cells).
Finding identical cells in module `\top'.
Removed a total of 0 cells.

3.33.4. Executing OPT_DFF pass (perform DFF optimizations).

3.33.5. Executing OPT_CLEAN pass (remove unused cells and wires).
Finding unused cells or wires in module \top..
Removed 1 unused cells and 0 unused wires.
<suppressed ~1 debug messages>

3.33.6. Rerunning OPT passes. (Removed registers in this run.)

3.33.7. Running ICE40 specific optimizations.

3.33.8. Executing OPT_EXPR pass (perform const folding).
Optimizing module top.

3.33.9. Executing OPT_MERGE pass (detect identical cells).
Finding identical cells in module `\top'.
Removed a total of 0 cells.

3.33.10. Executing OPT_DFF pass (perform DFF optimizations).

3.33.11. Executing OPT_CLEAN pass (remove unused cells and wires).
Finding unused cells or wires in module \top..

3.33.12. Finished OPT passes. (There is nothing left to do.)

3.34. Executing DFFLEGALIZE pass (convert FFs to types supported by the target).

3.35. Executing TECHMAP pass (map to technology primitives).

3.35.1. Executing Verilog-2005 frontend: /usr/local/bin/../share/yosys/ice40/ff_map.v
Parsing Verilog input from `/usr/local/bin/../share/yosys/ice40/ff_map.v' to AST representation.
Generating RTLIL representation for module `\$_DFF_N_'.
Generating RTLIL representation for module `\$_DFF_P_'.
Generating RTLIL representation for module `\$_DFFE_NP_'.
Generating RTLIL representation for module `\$_DFFE_PP_'.
Generating RTLIL representation for module `\$_DFF_NP0_'.
Generating RTLIL representation for module `\$_DFF_NP1_'.
Generating RTLIL representation for module `\$_DFF_PP0_'.
Generating RTLIL representation for module `\$_DFF_PP1_'.
Generating RTLIL representation for module `\$_DFFE_NP0P_'.
Generating RTLIL representation for module `\$_DFFE_NP1P_'.
Generating RTLIL representation for module `\$_DFFE_PP0P_'.
Generating RTLIL representation for module `\$_DFFE_PP1P_'.
Generating RTLIL representation for module `\$_SDFF_NP0_'.
Generating RTLIL representation for module `\$_SDFF_NP1_'.
Generating RTLIL representation for module `\$_SDFF_PP0_'.
Generating RTLIL representation for module `\$_SDFF_PP1_'.
Generating RTLIL representation for module `\$_SDFFCE_NP0P_'.
Generating RTLIL representation for module `\$_SDFFCE_NP1P_'.
Generating RTLIL representation for module `\$_SDFFCE_PP0P_'.
Generating RTLIL representation for module `\$_SDFFCE_PP1P_'.
Successfully finished Verilog frontend.

3.35.2. Continuing TECHMAP pass.
Using template \$_SDFF_PP0_ for cells of type $_SDFF_PP0_.
No more expansions possible.
<suppressed ~38 debug messages>

3.36. Executing OPT_EXPR pass (perform const folding).
Optimizing module top.

3.37. Executing SIMPLEMAP pass (map simple cells to gate primitives).
Mapping top.$auto$alumacc.cc:485:replace_alu$531.slice[0].carry ($lut).

3.38. Executing ICE40_OPT pass (performing simple optimizations).

3.38.1. Running ICE40 specific optimizations.

3.38.2. Executing OPT_EXPR pass (perform const folding).
Optimizing module top.
<suppressed ~14 debug messages>

3.38.3. Executing OPT_MERGE pass (detect identical cells).
Finding identical cells in module `\top'.
Removed a total of 0 cells.

3.38.4. Executing OPT_DFF pass (perform DFF optimizations).

3.38.5. Executing OPT_CLEAN pass (remove unused cells and wires).
Finding unused cells or wires in module \top..
Removed 0 unused cells and 84 unused wires.
<suppressed ~1 debug messages>

3.38.6. Rerunning OPT passes. (Removed registers in this run.)

3.38.7. Running ICE40 specific optimizations.

3.38.8. Executing OPT_EXPR pass (perform const folding).
Optimizing module top.

3.38.9. Executing OPT_MERGE pass (detect identical cells).
Finding identical cells in module `\top'.
Removed a total of 0 cells.

3.38.10. Executing OPT_DFF pass (perform DFF optimizations).

3.38.11. Executing OPT_CLEAN pass (remove unused cells and wires).
Finding unused cells or wires in module \top..

3.38.12. Finished OPT passes. (There is nothing left to do.)

3.39. Executing TECHMAP pass (map to technology primitives).

3.39.1. Executing Verilog-2005 frontend: /usr/local/bin/../share/yosys/ice40/latches_map.v
Parsing Verilog input from `/usr/local/bin/../share/yosys/ice40/latches_map.v' to AST representation.
Generating RTLIL representation for module `\$_DLATCH_N_'.
Generating RTLIL representation for module `\$_DLATCH_P_'.
Successfully finished Verilog frontend.

3.39.2. Continuing TECHMAP pass.
No more expansions possible.
<suppressed ~4 debug messages>

3.40. Executing ABC pass (technology mapping using ABC).

3.40.1. Extracting gate netlist of module `\top' to `<abc-temp-dir>/input.blif'..
Extracted 110 gates and 160 wires to a netlist network with 50 inputs and 43 outputs.

3.40.1.1. Executing ABC.
Running ABC command: <yosys-exe-dir>/yosys-abc -s -f <abc-temp-dir>/abc.script 2>&1
ABC: ABC command line: "source <abc-temp-dir>/abc.script".
ABC: 
ABC: + read_blif <abc-temp-dir>/input.blif 
ABC: + read_lut <abc-temp-dir>/lutdefs.txt 
ABC: + strash 
ABC: + ifraig 
ABC: + scorr 
ABC: Warning: The network is combinational (run "fraig" or "fraig_sweep").
ABC: + dc2 
ABC: + dretime 
ABC: + strash 
ABC: + dch -f 
ABC: + if 
ABC: + mfs2 
ABC: + lutpack -S 1 
ABC: + dress 
ABC: Total number of equiv classes                =      54.
ABC: Participating nodes from both networks       =     106.
ABC: Participating nodes from the first network   =      53. (  82.81 % of nodes)
ABC: Participating nodes from the second network  =      53. (  82.81 % of nodes)
ABC: Node pairs (any polarity)                    =      53. (  82.81 % of names can be moved)
ABC: Node pairs (same polarity)                   =      52. (  81.25 % of names can be moved)
ABC: Total runtime =     0.01 sec
ABC: + write_blif <abc-temp-dir>/output.blif 

3.40.1.2. Re-integrating ABC results.
ABC RESULTS:              $lut cells:       63
ABC RESULTS:        internal signals:       67
ABC RESULTS:           input signals:       50
ABC RESULTS:          output signals:       43
Removing temp directory.

3.41. Executing ICE40_WRAPCARRY pass (wrap carries).

3.42. Executing TECHMAP pass (map to technology primitives).

3.42.1. Executing Verilog-2005 frontend: /usr/local/bin/../share/yosys/ice40/ff_map.v
Parsing Verilog input from `/usr/local/bin/../share/yosys/ice40/ff_map.v' to AST representation.
Generating RTLIL representation for module `\$_DFF_N_'.
Generating RTLIL representation for module `\$_DFF_P_'.
Generating RTLIL representation for module `\$_DFFE_NP_'.
Generating RTLIL representation for module `\$_DFFE_PP_'.
Generating RTLIL representation for module `\$_DFF_NP0_'.
Generating RTLIL representation for module `\$_DFF_NP1_'.
Generating RTLIL representation for module `\$_DFF_PP0_'.
Generating RTLIL representation for module `\$_DFF_PP1_'.
Generating RTLIL representation for module `\$_DFFE_NP0P_'.
Generating RTLIL representation for module `\$_DFFE_NP1P_'.
Generating RTLIL representation for module `\$_DFFE_PP0P_'.
Generating RTLIL representation for module `\$_DFFE_PP1P_'.
Generating RTLIL representation for module `\$_SDFF_NP0_'.
Generating RTLIL representation for module `\$_SDFF_NP1_'.
Generating RTLIL representation for module `\$_SDFF_PP0_'.
Generating RTLIL representation for module `\$_SDFF_PP1_'.
Generating RTLIL representation for module `\$_SDFFCE_NP0P_'.
Generating RTLIL representation for module `\$_SDFFCE_NP1P_'.
Generating RTLIL representation for module `\$_SDFFCE_PP0P_'.
Generating RTLIL representation for module `\$_SDFFCE_PP1P_'.
Successfully finished Verilog frontend.

3.42.2. Continuing TECHMAP pass.
No more expansions possible.
<suppressed ~22 debug messages>
Removed 32 unused cells and 140 unused wires.

3.43. Executing OPT_LUT pass (optimize LUTs).
Discovering LUTs.
Number of LUTs:       70
  1-LUT               34
  2-LUT               12
  3-LUT                2
  4-LUT               22

Eliminating LUTs.
Number of LUTs:       70
  1-LUT               34
  2-LUT               12
  3-LUT                2
  4-LUT               22

Combining LUTs.
Number of LUTs:       70
  1-LUT               34
  2-LUT               12
  3-LUT                2
  4-LUT               22

Eliminated 0 LUTs.
Combined 0 LUTs.
<suppressed ~283 debug messages>

3.44. Executing TECHMAP pass (map to technology primitives).

3.44.1. Executing Verilog-2005 frontend: /usr/local/bin/../share/yosys/ice40/cells_map.v
Parsing Verilog input from `/usr/local/bin/../share/yosys/ice40/cells_map.v' to AST representation.
Generating RTLIL representation for module `\$lut'.
Successfully finished Verilog frontend.

3.44.2. Continuing TECHMAP pass.
Using template $paramod\$lut\WIDTH=4\LUT=16'0110100110010110 for cells of type $lut.
Using template $paramod\$lut\WIDTH=1\LUT=2'01 for cells of type $lut.
Using template $paramod\$lut\WIDTH=4\LUT=16'1001000000001001 for cells of type $lut.
Using template $paramod\$lut\WIDTH=4\LUT=16'0111111111111111 for cells of type $lut.
Using template $paramod\$lut\WIDTH=2\LUT=4'0100 for cells of type $lut.
Using template $paramod\$lut\WIDTH=4\LUT=16'1000000000000000 for cells of type $lut.
Using template $paramod\$lut\WIDTH=4\LUT=16'0111111110000000 for cells of type $lut.
Using template $paramod\$lut\WIDTH=2\LUT=4'0110 for cells of type $lut.
Using template $paramod\$lut\WIDTH=4\LUT=16'0000000000000001 for cells of type $lut.
Using template $paramod\$lut\WIDTH=4\LUT=16'0100000000000000 for cells of type $lut.
Using template $paramod\$lut\WIDTH=4\LUT=16'0000000100000000 for cells of type $lut.
Using template $paramod\$lut\WIDTH=2\LUT=4'1000 for cells of type $lut.
Using template $paramod\$lut\WIDTH=3\LUT=8'01111000 for cells of type $lut.
Using template $paramod\$lut\WIDTH=4\LUT=16'1000111100000000 for cells of type $lut.
No more expansions possible.
<suppressed ~255 debug messages>
Removed 0 unused cells and 152 unused wires.

3.45. Executing AUTONAME pass.
Renamed 958 objects in module top (17 iterations).
<suppressed ~144 debug messages>

3.46. Executing HIERARCHY pass (managing design hierarchy).

3.46.1. Analyzing design hierarchy..
Top module:  \top

3.46.2. Analyzing design hierarchy..
Top module:  \top
Removed 0 unused modules.

3.47. Printing statistics.

=== top ===

   Number of wires:                 40
   Number of wire bits:            480
   Number of public wires:          40
   Number of public wire bits:     480
   Number of memories:               0
   Number of memory bits:            0
   Number of processes:              0
   Number of cells:                123
     SB_CARRY                       37
     SB_DFFSR                       16
     SB_LUT4                        70

3.48. Executing CHECK pass (checking for obvious problems).
checking module top..
found and reported 0 problems.

3.49. Executing BLIF backend.

3.50. Executing JSON backend.

Warnings: 1 unique messages, 1 total
End of script. Logfile hash: bcc54baf18, CPU: user 1.80s system 0.14s, MEM: 42.44 MB peak
Yosys 0.9+3654 (git sha1 e2a39bb1, clang 7.0.1-8+rpi3+deb10u2 -fPIC -Os)
Time spent: 27% 12x read_verilog (0 sec), 18% 1x abc (0 sec), ...
